10:31:17,228 INFO  ===============================================
10:31:17,229 INFO  Cobar is ready to startup ...
10:31:17,229 INFO  Startup processors ...
10:31:17,410 INFO  Startup connector ...
10:31:17,415 INFO  Initialize dataNodes ...
10:31:27,429 WARN  dnTest1:0 init error.
java.net.SocketTimeoutException: connect timed out
	at java.net.PlainSocketImpl.socketConnect(Native Method)
	at java.net.PlainSocketImpl.doConnect(PlainSocketImpl.java:351)
	at java.net.PlainSocketImpl.connectToAddress(PlainSocketImpl.java:213)
	at java.net.PlainSocketImpl.connect(PlainSocketImpl.java:200)
	at java.net.SocksSocketImpl.connect(SocksSocketImpl.java:366)
	at java.net.Socket.connect(Socket.java:529)
	at com.alibaba.cobar.mysql.bio.MySQLChannel.connect(MySQLChannel.java:171)
	at com.alibaba.cobar.mysql.MySQLDataSource.getChannel(MySQLDataSource.java:159)
	at com.alibaba.cobar.mysql.MySQLDataNode.initSource(MySQLDataNode.java:357)
	at com.alibaba.cobar.mysql.MySQLDataNode.init(MySQLDataNode.java:78)
	at com.alibaba.cobar.CobarServer.startup(CobarServer.java:124)
	at com.alibaba.cobar.CobarStartup.main(CobarStartup.java:37)
10:31:27,434 ERROR #!Cobar#dnTest1 init failure
